<?xml version="1.0" encoding="UTF-8"?>
<!-- Generated by org.testng.reporters.JUnitReportReporter -->
<testsuite hostname="DESKTOP-51S8IMU" failures="0" tests="3" name="API_Testing.TrelloAPI" time="7.718" errors="0" timestamp="2024-09-05T13:30:21 IST" skipped="0">
  <testcase classname="API_Testing.TrelloAPI" name="createWork" time="5.309"/>
  <system-out/>
  <testcase classname="API_Testing.TrelloAPI" name="getaBoard" time="0.640"/>
  <system-out/>
  <testcase classname="API_Testing.TrelloAPI" name="DeleteABoard" time="1.769"/>
  <system-out/>
</testsuite> <!-- API_Testing.TrelloAPI -->
