<?xml version="1.0" encoding="UTF-8"?>
<!-- Generated by org.testng.reporters.JUnitReportReporter -->
<testsuite hostname="DESKTOP-51S8IMU" failures="0" tests="1" name="API_Testing.ReqresAPI" time="5.926" errors="0" timestamp="2024-09-05T09:45:08 IST" skipped="0">
  <testcase classname="API_Testing.ReqresAPI" name="resisterSucessfull" time="5.926"/>
  <system-out/>
</testsuite> <!-- API_Testing.ReqresAPI -->
